2019/03/23 04:44:37 [error] [exception.CException] CException: Alias "yii.db" is invalid. Make sure it points to an existing directory or file. in C:\xampp\htdocs\yii\framework\YiiBase.php:302
Stack trace:
#0 C:\xampp\htdocs\yii\framework\gii\generators\model\ModelCode.php(185): YiiBase::import('yii\\db\\ActiveRe...', true)
#1 C:\xampp\htdocs\yii\framework\validators\CInlineValidator.php(42): ModelCode->validateBaseClass('baseClass', Array)
#2 C:\xampp\htdocs\yii\framework\validators\CValidator.php(201): CInlineValidator->validateAttribute(Object(ModelCode), 'baseClass')
#3 C:\xampp\htdocs\yii\framework\base\CModel.php(159): CValidator->validate(Object(ModelCode), Array)
#4 C:\xampp\htdocs\yii\framework\gii\CCodeGenerator.php(159): CModel->validate()
#5 C:\xampp\htdocs\yii\framework\gii\CCodeGenerator.php(63): CCodeGenerator->prepare()
#6 C:\xampp\htdocs\yii\framework\web\actions\CInlineAction.php(49): CCodeGenerator->actionIndex()
#7 C:\xampp\htdocs\yii\framework\web\CController.php(308): CInlineAction->runWithParams(Array)
#8 C:\xampp\htdocs\yii\framework\web\CController.php(286): CController->runAction(Object(CInlineAction))
#9 C:\xampp\htdocs\yii\framework\web\CController.php(265): CController->runActionWithFilters(Object(CInlineAction), Array)
#10 C:\xampp\htdocs\yii\framework\web\CWebApplication.php(282): CController->run('index')
#11 C:\xampp\htdocs\yii\framework\web\CWebApplication.php(141): CWebApplication->runController('gii/model/index')
#12 C:\xampp\htdocs\yii\framework\base\CApplication.php(185): CWebApplication->processRequest()
#13 C:\xampp\htdocs\testkerja\index.php(13): CApplication->run()
#14 {main}
REQUEST_URI=/testkerja/index.php?r=gii/model/index
HTTP_REFERER=http://localhost/testkerja/index.php?r=gii/model/index
---
2019/03/23 04:45:04 [error] [exception.CException] CException: Alias "yii.db" is invalid. Make sure it points to an existing directory or file. in C:\xampp\htdocs\yii\framework\YiiBase.php:302
Stack trace:
#0 C:\xampp\htdocs\yii\framework\gii\generators\model\ModelCode.php(185): YiiBase::import('yii\\db\\ActiveRe...', true)
#1 C:\xampp\htdocs\yii\framework\validators\CInlineValidator.php(42): ModelCode->validateBaseClass('baseClass', Array)
#2 C:\xampp\htdocs\yii\framework\validators\CValidator.php(201): CInlineValidator->validateAttribute(Object(ModelCode), 'baseClass')
#3 C:\xampp\htdocs\yii\framework\base\CModel.php(159): CValidator->validate(Object(ModelCode), Array)
#4 C:\xampp\htdocs\yii\framework\gii\CCodeGenerator.php(159): CModel->validate()
#5 C:\xampp\htdocs\yii\framework\gii\CCodeGenerator.php(63): CCodeGenerator->prepare()
#6 C:\xampp\htdocs\yii\framework\web\actions\CInlineAction.php(49): CCodeGenerator->actionIndex()
#7 C:\xampp\htdocs\yii\framework\web\CController.php(308): CInlineAction->runWithParams(Array)
#8 C:\xampp\htdocs\yii\framework\web\CController.php(286): CController->runAction(Object(CInlineAction))
#9 C:\xampp\htdocs\yii\framework\web\CController.php(265): CController->runActionWithFilters(Object(CInlineAction), Array)
#10 C:\xampp\htdocs\yii\framework\web\CWebApplication.php(282): CController->run('index')
#11 C:\xampp\htdocs\yii\framework\web\CWebApplication.php(141): CWebApplication->runController('gii/model/index')
#12 C:\xampp\htdocs\yii\framework\base\CApplication.php(185): CWebApplication->processRequest()
#13 C:\xampp\htdocs\testkerja\index.php(13): CApplication->run()
#14 {main}
REQUEST_URI=/testkerja/index.php?r=gii/model/index
HTTP_REFERER=http://localhost/testkerja/index.php?r=gii/model/index
---
2019/03/23 05:00:20 [error] [exception.CException] CException: User and its behaviors do not have a method or closure named "encrypt". in C:\xampp\htdocs\yii\framework\base\CComponent.php:266
Stack trace:
#0 C:\xampp\htdocs\yii\framework\db\ar\CActiveRecord.php(229): CComponent->__call('encrypt', Array)
#1 C:\xampp\htdocs\testkerja\protected\components\UserIdentity.php(25): CActiveRecord->__call('encrypt', Array)
#2 C:\xampp\htdocs\testkerja\protected\models\LoginForm.php(54): UserIdentity->authenticate()
#3 C:\xampp\htdocs\yii\framework\validators\CInlineValidator.php(42): LoginForm->authenticate('password', Array)
#4 C:\xampp\htdocs\yii\framework\validators\CValidator.php(201): CInlineValidator->validateAttribute(Object(LoginForm), 'password')
#5 C:\xampp\htdocs\yii\framework\base\CModel.php(159): CValidator->validate(Object(LoginForm), Array)
#6 C:\xampp\htdocs\testkerja\protected\controllers\SiteController.php(94): CModel->validate()
#7 C:\xampp\htdocs\yii\framework\web\actions\CInlineAction.php(49): SiteController->actionLogin()
#8 C:\xampp\htdocs\yii\framework\web\CController.php(308): CInlineAction->runWithParams(Array)
#9 C:\xampp\htdocs\yii\framework\web\CController.php(286): CController->runAction(Object(CInlineAction))
#10 C:\xampp\htdocs\yii\framework\web\CController.php(265): CController->runActionWithFilters(Object(CInlineAction), Array)
#11 C:\xampp\htdocs\yii\framework\web\CWebApplication.php(282): CController->run('login')
#12 C:\xampp\htdocs\yii\framework\web\CWebApplication.php(141): CWebApplication->runController('site/login')
#13 C:\xampp\htdocs\yii\framework\base\CApplication.php(185): CWebApplication->processRequest()
#14 C:\xampp\htdocs\testkerja\index.php(13): CApplication->run()
#15 {main}
REQUEST_URI=/testkerja/index.php?r=site/login
HTTP_REFERER=http://localhost/testkerja/index.php?r=site/login
---
2019/03/23 05:05:05 [error] [exception.CException] CException: Property "UserIdentity._id" is not defined. in C:\xampp\htdocs\yii\framework\base\CComponent.php:173
Stack trace:
#0 C:\xampp\htdocs\testkerja\protected\components\UserIdentity.php(28): CComponent->__set('_id', '1')
#1 C:\xampp\htdocs\testkerja\protected\models\LoginForm.php(54): UserIdentity->authenticate()
#2 C:\xampp\htdocs\yii\framework\validators\CInlineValidator.php(42): LoginForm->authenticate('password', Array)
#3 C:\xampp\htdocs\yii\framework\validators\CValidator.php(201): CInlineValidator->validateAttribute(Object(LoginForm), 'password')
#4 C:\xampp\htdocs\yii\framework\base\CModel.php(159): CValidator->validate(Object(LoginForm), Array)
#5 C:\xampp\htdocs\testkerja\protected\controllers\SiteController.php(94): CModel->validate()
#6 C:\xampp\htdocs\yii\framework\web\actions\CInlineAction.php(49): SiteController->actionLogin()
#7 C:\xampp\htdocs\yii\framework\web\CController.php(308): CInlineAction->runWithParams(Array)
#8 C:\xampp\htdocs\yii\framework\web\CController.php(286): CController->runAction(Object(CInlineAction))
#9 C:\xampp\htdocs\yii\framework\web\CController.php(265): CController->runActionWithFilters(Object(CInlineAction), Array)
#10 C:\xampp\htdocs\yii\framework\web\CWebApplication.php(282): CController->run('login')
#11 C:\xampp\htdocs\yii\framework\web\CWebApplication.php(141): CWebApplication->runController('site/login')
#12 C:\xampp\htdocs\yii\framework\base\CApplication.php(185): CWebApplication->processRequest()
#13 C:\xampp\htdocs\testkerja\index.php(13): CApplication->run()
#14 {main}
REQUEST_URI=/testkerja/index.php?r=site/login
HTTP_REFERER=http://localhost/testkerja/index.php?r=site/login
---
2019/03/23 07:40:58 [error] [exception.CHttpException.404] CHttpException: The system is unable to find the requested action "create_tanpaadmin". in C:\xampp\htdocs\yii\framework\web\CController.php:486
Stack trace:
#0 C:\xampp\htdocs\yii\framework\web\CController.php(270): CController->missingAction('create_tanpaadm...')
#1 C:\xampp\htdocs\yii\framework\web\CWebApplication.php(282): CController->run('create_tanpaadm...')
#2 C:\xampp\htdocs\yii\framework\web\CWebApplication.php(141): CWebApplication->runController('anggota/create_...')
#3 C:\xampp\htdocs\yii\framework\base\CApplication.php(185): CWebApplication->processRequest()
#4 C:\xampp\htdocs\testkerja\index.php(13): CApplication->run()
#5 {main}
REQUEST_URI=/testkerja/index.php?r=anggota/create_tanpaadmin
---
2019/03/23 07:41:23 [error] [exception.CHttpException.404] CHttpException: The system is unable to find the requested action "create_tanpaadmin". in C:\xampp\htdocs\yii\framework\web\CController.php:486
Stack trace:
#0 C:\xampp\htdocs\yii\framework\web\CController.php(270): CController->missingAction('create_tanpaadm...')
#1 C:\xampp\htdocs\yii\framework\web\CWebApplication.php(282): CController->run('create_tanpaadm...')
#2 C:\xampp\htdocs\yii\framework\web\CWebApplication.php(141): CWebApplication->runController('anggota/create_...')
#3 C:\xampp\htdocs\yii\framework\base\CApplication.php(185): CWebApplication->processRequest()
#4 C:\xampp\htdocs\testkerja\index.php(13): CApplication->run()
#5 {main}
REQUEST_URI=/testkerja/index.php?r=anggota/create_tanpaadmin
---
2019/03/23 09:45:16 [error] [php] include(categories.php): failed to open stream: No such file or directory (C:\xampp\htdocs\yii\framework\YiiBase.php:463)
Stack trace:
#0 C:\xampp\htdocs\testkerja\protected\views\anggota\_form.php(47): spl_autoload_call()
#1 C:\xampp\htdocs\yii\framework\web\CBaseController.php(126): require()
#2 C:\xampp\htdocs\yii\framework\web\CBaseController.php(95): AnggotaController->renderInternal()
#3 C:\xampp\htdocs\yii\framework\web\CController.php(872): AnggotaController->renderFile()
#4 C:\xampp\htdocs\testkerja\protected\views\anggota\create_tanpaadmin.php(15): AnggotaController->renderPartial()
#5 C:\xampp\htdocs\yii\framework\web\CBaseController.php(126): require()
#6 C:\xampp\htdocs\yii\framework\web\CBaseController.php(95): AnggotaController->renderInternal()
#7 C:\xampp\htdocs\yii\framework\web\CController.php(872): AnggotaController->renderFile()
#8 C:\xampp\htdocs\yii\framework\web\CController.php(785): AnggotaController->renderPartial()
#9 C:\xampp\htdocs\testkerja\protected\controllers\AnggotaController.php(97): AnggotaController->render()
#10 C:\xampp\htdocs\yii\framework\web\actions\CInlineAction.php(49): AnggotaController->actionCreate_tanpaadmin()
#11 C:\xampp\htdocs\yii\framework\web\CController.php(308): CInlineAction->runWithParams()
#12 C:\xampp\htdocs\yii\framework\web\filters\CFilterChain.php(134): AnggotaController->runAction()
#13 C:\xampp\htdocs\yii\framework\web\CController.php(291): CFilterChain->run()
#14 C:\xampp\htdocs\yii\framework\web\CController.php(265): AnggotaController->runActionWithFilters()
#15 C:\xampp\htdocs\yii\framework\web\CWebApplication.php(282): AnggotaController->run()
#16 C:\xampp\htdocs\yii\framework\web\CWebApplication.php(141): CWebApplication->runController()
#17 C:\xampp\htdocs\yii\framework\base\CApplication.php(185): CWebApplication->processRequest()
#18 C:\xampp\htdocs\testkerja\index.php(13): CWebApplication->run()
REQUEST_URI=/testkerja/index.php?r=anggota/create_tanpaadmin
in C:\xampp\htdocs\testkerja\protected\views\anggota\_form.php (47)
in C:\xampp\htdocs\testkerja\protected\views\anggota\create_tanpaadmin.php (15)
in C:\xampp\htdocs\testkerja\protected\controllers\AnggotaController.php (97)
2019/03/23 09:57:30 [error] [exception.CException] CException: AnggotatanpaloginController cannot find the requested view "create_tanpaadmin". in C:\xampp\htdocs\yii\framework\web\CController.php:881
Stack trace:
#0 C:\xampp\htdocs\yii\framework\web\CController.php(785): CController->renderPartial('create_tanpaadm...', Array, true)
#1 C:\xampp\htdocs\testkerja\protected\controllers\AnggotaTanpaLoginController.php(79): CController->render('create_tanpaadm...', Array)
#2 C:\xampp\htdocs\yii\framework\web\actions\CInlineAction.php(49): AnggotatanpaloginController->actionCreate_tanpaadmin()
#3 C:\xampp\htdocs\yii\framework\web\CController.php(308): CInlineAction->runWithParams(Array)
#4 C:\xampp\htdocs\yii\framework\web\filters\CFilterChain.php(134): CController->runAction(Object(CInlineAction))
#5 C:\xampp\htdocs\yii\framework\web\CController.php(291): CFilterChain->run()
#6 C:\xampp\htdocs\yii\framework\web\CController.php(265): CController->runActionWithFilters(Object(CInlineAction), Array)
#7 C:\xampp\htdocs\yii\framework\web\CWebApplication.php(282): CController->run('create_tanpaadm...')
#8 C:\xampp\htdocs\yii\framework\web\CWebApplication.php(141): CWebApplication->runController('anggotatanpalog...')
#9 C:\xampp\htdocs\yii\framework\base\CApplication.php(185): CWebApplication->processRequest()
#10 C:\xampp\htdocs\testkerja\index.php(13): CApplication->run()
#11 {main}
REQUEST_URI=/testkerja/index.php?r=anggotatanpalogin/create_tanpaadmin
HTTP_REFERER=http://localhost/testkerja/index.php?r=site/login
---
2019/03/23 09:58:58 [error] [exception.CException] CException: AnggotatanpaloginController cannot find the requested view "create_tanpaadmin". in C:\xampp\htdocs\yii\framework\web\CController.php:881
Stack trace:
#0 C:\xampp\htdocs\yii\framework\web\CController.php(785): CController->renderPartial('create_tanpaadm...', Array, true)
#1 C:\xampp\htdocs\testkerja\protected\controllers\AnggotatanpaloginController.php(79): CController->render('create_tanpaadm...', Array)
#2 C:\xampp\htdocs\yii\framework\web\actions\CInlineAction.php(49): AnggotatanpaloginController->actionCreate_tanpaadmin()
#3 C:\xampp\htdocs\yii\framework\web\CController.php(308): CInlineAction->runWithParams(Array)
#4 C:\xampp\htdocs\yii\framework\web\filters\CFilterChain.php(134): CController->runAction(Object(CInlineAction))
#5 C:\xampp\htdocs\yii\framework\web\CController.php(291): CFilterChain->run()
#6 C:\xampp\htdocs\yii\framework\web\CController.php(265): CController->runActionWithFilters(Object(CInlineAction), Array)
#7 C:\xampp\htdocs\yii\framework\web\CWebApplication.php(282): CController->run('create_tanpaadm...')
#8 C:\xampp\htdocs\yii\framework\web\CWebApplication.php(141): CWebApplication->runController('anggotatanpalog...')
#9 C:\xampp\htdocs\yii\framework\base\CApplication.php(185): CWebApplication->processRequest()
#10 C:\xampp\htdocs\testkerja\index.php(13): CApplication->run()
#11 {main}
REQUEST_URI=/testkerja/index.php?r=anggotatanpalogin/create_tanpaadmin
HTTP_REFERER=http://localhost/testkerja/index.php?r=site/login
---
2019/03/23 09:59:57 [error] [exception.CException] CException: AnggotatanpaloginController cannot find the requested view "create_tanpaadmin". in C:\xampp\htdocs\yii\framework\web\CController.php:881
Stack trace:
#0 C:\xampp\htdocs\yii\framework\web\CController.php(785): CController->renderPartial('create_tanpaadm...', Array, true)
#1 C:\xampp\htdocs\testkerja\protected\controllers\AnggotatanpaloginController.php(79): CController->render('create_tanpaadm...', Array)
#2 C:\xampp\htdocs\yii\framework\web\actions\CInlineAction.php(49): AnggotatanpaloginController->actionCreate_tanpaadmin()
#3 C:\xampp\htdocs\yii\framework\web\CController.php(308): CInlineAction->runWithParams(Array)
#4 C:\xampp\htdocs\yii\framework\web\filters\CFilterChain.php(134): CController->runAction(Object(CInlineAction))
#5 C:\xampp\htdocs\yii\framework\web\CController.php(291): CFilterChain->run()
#6 C:\xampp\htdocs\yii\framework\web\CController.php(265): CController->runActionWithFilters(Object(CInlineAction), Array)
#7 C:\xampp\htdocs\yii\framework\web\CWebApplication.php(282): CController->run('create_tanpaadm...')
#8 C:\xampp\htdocs\yii\framework\web\CWebApplication.php(141): CWebApplication->runController('anggotatanpalog...')
#9 C:\xampp\htdocs\yii\framework\base\CApplication.php(185): CWebApplication->processRequest()
#10 C:\xampp\htdocs\testkerja\index.php(13): CApplication->run()
#11 {main}
REQUEST_URI=/testkerja/index.php?r=anggotatanpalogin/create_tanpaadmin
HTTP_REFERER=http://localhost/testkerja/index.php?r=site/login
---
2019/03/23 10:02:06 [error] [exception.CException] CException: AnggotatanpaloginController cannot find the requested view "_form". in C:\xampp\htdocs\yii\framework\web\CController.php:881
Stack trace:
#0 C:\xampp\htdocs\testkerja\protected\views\Anggotatanpalogin\create_tanpaadmin.php(15): CController->renderPartial('_form', Array)
#1 C:\xampp\htdocs\yii\framework\web\CBaseController.php(126): require('C:\\xampp\\htdocs...')
#2 C:\xampp\htdocs\yii\framework\web\CBaseController.php(95): CBaseController->renderInternal('C:\\xampp\\htdocs...', Array, true)
#3 C:\xampp\htdocs\yii\framework\web\CController.php(872): CBaseController->renderFile('C:\\xampp\\htdocs...', Array, true)
#4 C:\xampp\htdocs\yii\framework\web\CController.php(785): CController->renderPartial('create_tanpaadm...', Array, true)
#5 C:\xampp\htdocs\testkerja\protected\controllers\AnggotatanpaloginController.php(79): CController->render('create_tanpaadm...', Array)
#6 C:\xampp\htdocs\yii\framework\web\actions\CInlineAction.php(49): AnggotatanpaloginController->actionCreate_tanpaadmin()
#7 C:\xampp\htdocs\yii\framework\web\CController.php(308): CInlineAction->runWithParams(Array)
#8 C:\xampp\htdocs\yii\framework\web\filters\CFilterChain.php(134): CController->runAction(Object(CInlineAction))
#9 C:\xampp\htdocs\yii\framework\web\CController.php(291): CFilterChain->run()
#10 C:\xampp\htdocs\yii\framework\web\CController.php(265): CController->runActionWithFilters(Object(CInlineAction), Array)
#11 C:\xampp\htdocs\yii\framework\web\CWebApplication.php(282): CController->run('create_tanpaadm...')
#12 C:\xampp\htdocs\yii\framework\web\CWebApplication.php(141): CWebApplication->runController('anggotatanpalog...')
#13 C:\xampp\htdocs\yii\framework\base\CApplication.php(185): CWebApplication->processRequest()
#14 C:\xampp\htdocs\testkerja\index.php(13): CApplication->run()
#15 {main}
REQUEST_URI=/testkerja/index.php?r=anggotatanpalogin/create_tanpaadmin
HTTP_REFERER=http://localhost/testkerja/index.php?r=site/login
---
2019/03/23 10:02:47 [error] [exception.CHttpException.403] CHttpException: You are not authorized to perform this action. in C:\xampp\htdocs\yii\framework\web\auth\CAccessControlFilter.php:183
Stack trace:
#0 C:\xampp\htdocs\yii\framework\web\auth\CAccessControlFilter.php(145): CAccessControlFilter->accessDenied(Object(CWebUser), 'You are not aut...')
#1 C:\xampp\htdocs\yii\framework\web\filters\CFilter.php(38): CAccessControlFilter->preFilter(Object(CFilterChain))
#2 C:\xampp\htdocs\yii\framework\web\CController.php(1148): CFilter->filter(Object(CFilterChain))
#3 C:\xampp\htdocs\yii\framework\web\filters\CInlineFilter.php(58): CController->filterAccessControl(Object(CFilterChain))
#4 C:\xampp\htdocs\yii\framework\web\filters\CFilterChain.php(131): CInlineFilter->filter(Object(CFilterChain))
#5 C:\xampp\htdocs\yii\framework\web\CController.php(291): CFilterChain->run()
#6 C:\xampp\htdocs\yii\framework\web\CController.php(265): CController->runActionWithFilters(Object(CInlineAction), Array)
#7 C:\xampp\htdocs\yii\framework\web\CWebApplication.php(282): CController->run('create_tanpaadm...')
#8 C:\xampp\htdocs\yii\framework\web\CWebApplication.php(141): CWebApplication->runController('anggota/create_...')
#9 C:\xampp\htdocs\yii\framework\base\CApplication.php(185): CWebApplication->processRequest()
#10 C:\xampp\htdocs\testkerja\index.php(13): CApplication->run()
#11 {main}
REQUEST_URI=/testkerja/index.php?r=anggota/create_tanpaadmin
HTTP_REFERER=http://localhost/testkerja/index.php?r=site/login
---
2019/03/23 10:02:58 [error] [exception.CHttpException.403] CHttpException: You are not authorized to perform this action. in C:\xampp\htdocs\yii\framework\web\auth\CAccessControlFilter.php:183
Stack trace:
#0 C:\xampp\htdocs\yii\framework\web\auth\CAccessControlFilter.php(145): CAccessControlFilter->accessDenied(Object(CWebUser), 'You are not aut...')
#1 C:\xampp\htdocs\yii\framework\web\filters\CFilter.php(38): CAccessControlFilter->preFilter(Object(CFilterChain))
#2 C:\xampp\htdocs\yii\framework\web\CController.php(1148): CFilter->filter(Object(CFilterChain))
#3 C:\xampp\htdocs\yii\framework\web\filters\CInlineFilter.php(58): CController->filterAccessControl(Object(CFilterChain))
#4 C:\xampp\htdocs\yii\framework\web\filters\CFilterChain.php(131): CInlineFilter->filter(Object(CFilterChain))
#5 C:\xampp\htdocs\yii\framework\web\CController.php(291): CFilterChain->run()
#6 C:\xampp\htdocs\yii\framework\web\CController.php(265): CController->runActionWithFilters(Object(CInlineAction), Array)
#7 C:\xampp\htdocs\yii\framework\web\CWebApplication.php(282): CController->run('create_tanpaadm...')
#8 C:\xampp\htdocs\yii\framework\web\CWebApplication.php(141): CWebApplication->runController('anggota/create_...')
#9 C:\xampp\htdocs\yii\framework\base\CApplication.php(185): CWebApplication->processRequest()
#10 C:\xampp\htdocs\testkerja\index.php(13): CApplication->run()
#11 {main}
REQUEST_URI=/testkerja/index.php?r=anggota/create_tanpaadmin
HTTP_REFERER=http://localhost/testkerja/index.php?r=site/login
---
2019/03/23 13:42:28 [error] [exception.CHttpException.400] CHttpException: Your request is invalid. in C:\xampp\htdocs\yii\framework\web\CController.php:337
Stack trace:
#0 C:\xampp\htdocs\yii\framework\web\CController.php(309): CController->invalidActionParams(Object(CInlineAction))
#1 C:\xampp\htdocs\yii\framework\web\filters\CFilterChain.php(134): CController->runAction(Object(CInlineAction))
#2 C:\xampp\htdocs\yii\framework\web\filters\CFilter.php(40): CFilterChain->run()
#3 C:\xampp\htdocs\yii\framework\web\CController.php(1148): CFilter->filter(Object(CFilterChain))
#4 C:\xampp\htdocs\yii\framework\web\filters\CInlineFilter.php(58): CController->filterAccessControl(Object(CFilterChain))
#5 C:\xampp\htdocs\yii\framework\web\filters\CFilterChain.php(131): CInlineFilter->filter(Object(CFilterChain))
#6 C:\xampp\htdocs\yii\framework\web\CController.php(291): CFilterChain->run()
#7 C:\xampp\htdocs\yii\framework\web\CController.php(265): CController->runActionWithFilters(Object(CInlineAction), Array)
#8 C:\xampp\htdocs\yii\framework\web\CWebApplication.php(282): CController->run('view')
#9 C:\xampp\htdocs\yii\framework\web\CWebApplication.php(141): CWebApplication->runController('user/view')
#10 C:\xampp\htdocs\yii\framework\base\CApplication.php(185): CWebApplication->processRequest()
#11 C:\xampp\htdocs\testkerja\index.php(13): CApplication->run()
#12 {main}
REQUEST_URI=/testkerja/index.php?r=user/view
HTTP_REFERER=http://localhost/testkerja/index.php
---
2019/03/23 13:43:20 [error] [exception.CHttpException.403] CHttpException: You are not authorized to perform this action. in C:\xampp\htdocs\yii\framework\web\auth\CAccessControlFilter.php:183
Stack trace:
#0 C:\xampp\htdocs\yii\framework\web\auth\CAccessControlFilter.php(145): CAccessControlFilter->accessDenied(Object(CWebUser), 'You are not aut...')
#1 C:\xampp\htdocs\yii\framework\web\filters\CFilter.php(38): CAccessControlFilter->preFilter(Object(CFilterChain))
#2 C:\xampp\htdocs\yii\framework\web\CController.php(1148): CFilter->filter(Object(CFilterChain))
#3 C:\xampp\htdocs\yii\framework\web\filters\CInlineFilter.php(58): CController->filterAccessControl(Object(CFilterChain))
#4 C:\xampp\htdocs\yii\framework\web\filters\CFilterChain.php(131): CInlineFilter->filter(Object(CFilterChain))
#5 C:\xampp\htdocs\yii\framework\web\CController.php(291): CFilterChain->run()
#6 C:\xampp\htdocs\yii\framework\web\CController.php(265): CController->runActionWithFilters(Object(CInlineAction), Array)
#7 C:\xampp\htdocs\yii\framework\web\CWebApplication.php(282): CController->run('admin')
#8 C:\xampp\htdocs\yii\framework\web\CWebApplication.php(141): CWebApplication->runController('user/admin')
#9 C:\xampp\htdocs\yii\framework\base\CApplication.php(185): CWebApplication->processRequest()
#10 C:\xampp\htdocs\testkerja\index.php(13): CApplication->run()
#11 {main}
REQUEST_URI=/testkerja/index.php?r=user/admin
HTTP_REFERER=http://localhost/testkerja/index.php?r=user/index
---
2019/03/23 13:43:24 [error] [exception.CHttpException.403] CHttpException: You are not authorized to perform this action. in C:\xampp\htdocs\yii\framework\web\auth\CAccessControlFilter.php:183
Stack trace:
#0 C:\xampp\htdocs\yii\framework\web\auth\CAccessControlFilter.php(145): CAccessControlFilter->accessDenied(Object(CWebUser), 'You are not aut...')
#1 C:\xampp\htdocs\yii\framework\web\filters\CFilter.php(38): CAccessControlFilter->preFilter(Object(CFilterChain))
#2 C:\xampp\htdocs\yii\framework\web\CController.php(1148): CFilter->filter(Object(CFilterChain))
#3 C:\xampp\htdocs\yii\framework\web\filters\CInlineFilter.php(58): CController->filterAccessControl(Object(CFilterChain))
#4 C:\xampp\htdocs\yii\framework\web\filters\CFilterChain.php(131): CInlineFilter->filter(Object(CFilterChain))
#5 C:\xampp\htdocs\yii\framework\web\CController.php(291): CFilterChain->run()
#6 C:\xampp\htdocs\yii\framework\web\CController.php(265): CController->runActionWithFilters(Object(CInlineAction), Array)
#7 C:\xampp\htdocs\yii\framework\web\CWebApplication.php(282): CController->run('admin')
#8 C:\xampp\htdocs\yii\framework\web\CWebApplication.php(141): CWebApplication->runController('user/admin')
#9 C:\xampp\htdocs\yii\framework\base\CApplication.php(185): CWebApplication->processRequest()
#10 C:\xampp\htdocs\testkerja\index.php(13): CApplication->run()
#11 {main}
REQUEST_URI=/testkerja/index.php?r=user/admin
HTTP_REFERER=http://localhost/testkerja/index.php?r=user/index
---
2019/03/23 13:43:42 [error] [exception.CHttpException.403] CHttpException: You are not authorized to perform this action. in C:\xampp\htdocs\yii\framework\web\auth\CAccessControlFilter.php:183
Stack trace:
#0 C:\xampp\htdocs\yii\framework\web\auth\CAccessControlFilter.php(145): CAccessControlFilter->accessDenied(Object(CWebUser), 'You are not aut...')
#1 C:\xampp\htdocs\yii\framework\web\filters\CFilter.php(38): CAccessControlFilter->preFilter(Object(CFilterChain))
#2 C:\xampp\htdocs\yii\framework\web\CController.php(1148): CFilter->filter(Object(CFilterChain))
#3 C:\xampp\htdocs\yii\framework\web\filters\CInlineFilter.php(58): CController->filterAccessControl(Object(CFilterChain))
#4 C:\xampp\htdocs\yii\framework\web\filters\CFilterChain.php(131): CInlineFilter->filter(Object(CFilterChain))
#5 C:\xampp\htdocs\yii\framework\web\CController.php(291): CFilterChain->run()
#6 C:\xampp\htdocs\yii\framework\web\CController.php(265): CController->runActionWithFilters(Object(CInlineAction), Array)
#7 C:\xampp\htdocs\yii\framework\web\CWebApplication.php(282): CController->run('admin')
#8 C:\xampp\htdocs\yii\framework\web\CWebApplication.php(141): CWebApplication->runController('user/admin')
#9 C:\xampp\htdocs\yii\framework\base\CApplication.php(185): CWebApplication->processRequest()
#10 C:\xampp\htdocs\testkerja\index.php(13): CApplication->run()
#11 {main}
REQUEST_URI=/testkerja/index.php?r=user/admin
HTTP_REFERER=http://localhost/testkerja/index.php?r=user/create
---
2019/03/23 13:44:36 [error] [exception.CHttpException.403] CHttpException: You are not authorized to perform this action. in C:\xampp\htdocs\yii\framework\web\auth\CAccessControlFilter.php:183
Stack trace:
#0 C:\xampp\htdocs\yii\framework\web\auth\CAccessControlFilter.php(145): CAccessControlFilter->accessDenied(Object(CWebUser), 'You are not aut...')
#1 C:\xampp\htdocs\yii\framework\web\filters\CFilter.php(38): CAccessControlFilter->preFilter(Object(CFilterChain))
#2 C:\xampp\htdocs\yii\framework\web\CController.php(1148): CFilter->filter(Object(CFilterChain))
#3 C:\xampp\htdocs\yii\framework\web\filters\CInlineFilter.php(58): CController->filterAccessControl(Object(CFilterChain))
#4 C:\xampp\htdocs\yii\framework\web\filters\CFilterChain.php(131): CInlineFilter->filter(Object(CFilterChain))
#5 C:\xampp\htdocs\yii\framework\web\CController.php(291): CFilterChain->run()
#6 C:\xampp\htdocs\yii\framework\web\CController.php(265): CController->runActionWithFilters(Object(CInlineAction), Array)
#7 C:\xampp\htdocs\yii\framework\web\CWebApplication.php(282): CController->run('admin')
#8 C:\xampp\htdocs\yii\framework\web\CWebApplication.php(141): CWebApplication->runController('anggota/admin')
#9 C:\xampp\htdocs\yii\framework\base\CApplication.php(185): CWebApplication->processRequest()
#10 C:\xampp\htdocs\testkerja\index.php(13): CApplication->run()
#11 {main}
REQUEST_URI=/testkerja/index.php?r=anggota/admin
HTTP_REFERER=http://localhost/testkerja/index.php?r=anggota/create
---
